app/build/intermediates/manifest_merge_blame_file/release/manifest-merger-blame-release-report.txt
1<?xml version="1.0" encoding="utf-8"?>
2<manifest xmlns:android="http://schemas.android.com/apk/res/android"
3    package="space.rexum.klasse"
4    android:versionCode="1"
5    android:versionName="1.0" >
6
7    <uses-sdk
8        android:minSdkVersion="21"
8-->src\main\AndroidManifest.xml
9        android:targetSdkVersion="30" />
9-->src\main\AndroidManifest.xml
10
11    <uses-permission android:name="android.permission.INTERNET" />
11-->src\main\AndroidManifest.xml:19:5-67
11-->src\main\AndroidManifest.xml:19:22-64
12
13    <application
13-->src\main\AndroidManifest.xml:5:5-18:19
14        android:allowBackup="true"
14-->src\main\AndroidManifest.xml:6:9-35
15        android:appComponentFactory="androidx.core.app.CoreComponentFactory"
15-->[androidx.core:core:1.1.0] AndroidManifest.xml:24:18-86
16        android:icon="@mipmap/ic_launcher"
16-->src\main\AndroidManifest.xml:7:9-43
17        android:label="Klasse-7C"
17-->src\main\AndroidManifest.xml:8:9-34
18        android:supportsRtl="true"
18-->src\main\AndroidManifest.xml:9:9-35
19        android:theme="@style/Theme.WebView" >
19-->src\main\AndroidManifest.xml:10:9-45
20        <activity android:name="space.rexum.klasse.MainActivity" >
20-->src\main\AndroidManifest.xml:11:9-17:20
20-->src\main\AndroidManifest.xml:11:19-47
21            <intent-filter>
21-->src\main\AndroidManifest.xml:12:13-16:29
22                <action android:name="android.intent.action.MAIN" />
22-->src\main\AndroidManifest.xml:13:17-69
22-->src\main\AndroidManifest.xml:13:25-66
23
24                <category android:name="android.intent.category.LAUNCHER" />
24-->src\main\AndroidManifest.xml:15:17-77
24-->src\main\AndroidManifest.xml:15:27-74
25            </intent-filter>
26        </activity>
27    </application>
28
29</manifest>